<?xml version="1.0" encoding="UTF-8"?>
<testsuite name="joinRoom 테스트" tests="3" skipped="0" failures="0" errors="0" timestamp="2026-01-06T05:41:43.113Z" hostname="bagjunseog-ui-MacBookPro.local" time="0.004">
  <properties/>
  <testcase name="방이 없으면 새로운 방을 생성하고 참가한다" classname="com.confession.game.domain.room.service.RoomServiceTest$JoinRoomTest" time="0.001"/>
  <testcase name="새로운 플레이어가 방에 참가한다" classname="com.confession.game.domain.room.service.RoomServiceTest$JoinRoomTest" time="0.001"/>
  <testcase name="기존 플레이어가 재접속하면 세션ID만 업데이트된다" classname="com.confession.game.domain.room.service.RoomServiceTest$JoinRoomTest" time="0.001"/>
  <system-out><![CDATA[2026-01-06 14:41:43 - 플레이어 테스트플레이어 (player-1)가 방 test-room-1에 참가했습니다.
2026-01-06 14:41:43 - 플레이어 테스트플레이어 (player-1)가 방 test-room-1에 참가했습니다.
2026-01-06 14:41:43 - 플레이어 테스트플레이어 (player-1)가 방 test-room-1에 참가했습니다.
]]></system-out>
  <system-err><![CDATA[]]></system-err>
</testsuite>
