<?xml version="1.0" encoding="UTF-8"?>
<testsuite name="isEmpty 테스트" tests="3" skipped="0" failures="0" errors="0" timestamp="2026-01-06T05:41:42.982Z" hostname="bagjunseog-ui-MacBookPro.local" time="0.0">
  <properties/>
  <testcase name="플레이어가 있으면 false를 반환한다" classname="com.confession.game.domain.room.entity.RoomTest$IsEmptyTest" time="0.0"/>
  <testcase name="모든 플레이어를 제거하면 true를 반환한다" classname="com.confession.game.domain.room.entity.RoomTest$IsEmptyTest" time="0.0"/>
  <testcase name="플레이어가 없으면 true를 반환한다" classname="com.confession.game.domain.room.entity.RoomTest$IsEmptyTest" time="0.0"/>
  <system-out><![CDATA[]]></system-out>
  <system-err><![CDATA[]]></system-err>
</testsuite>
