<?xml version="1.0" encoding="UTF-8"?>
<testsuite name="getRoom 테스트" tests="2" skipped="0" failures="0" errors="0" timestamp="2026-01-06T05:41:43.068Z" hostname="bagjunseog-ui-MacBookPro.local" time="0.004">
  <properties/>
  <testcase name="방이 존재하면 해당 방을 반환한다" classname="com.confession.game.domain.room.service.RoomServiceTest$GetRoomTest" time="0.001"/>
  <testcase name="방이 존재하지 않으면 예외를 발생시킨다" classname="com.confession.game.domain.room.service.RoomServiceTest$GetRoomTest" time="0.003"/>
  <system-out><![CDATA[]]></system-out>
  <system-err><![CDATA[]]></system-err>
</testsuite>
