<?xml version="1.0" encoding="UTF-8"?>
<testsuite name="vote 테스트" tests="4" skipped="0" failures="0" errors="0" timestamp="2026-01-06T05:41:43.100Z" hostname="bagjunseog-ui-MacBookPro.local" time="0.007">
  <properties/>
  <testcase name="대상자가 투표하면 예외를 발생시킨다" classname="com.confession.game.domain.room.service.RoomServiceTest$VoteTest" time="0.002"/>
  <testcase name="한 명이라도 반대하면 전체 동의가 아니다" classname="com.confession.game.domain.room.service.RoomServiceTest$VoteTest" time="0.002"/>
  <testcase name="모든 플레이어가 동의하면 투표가 완료된다" classname="com.confession.game.domain.room.service.RoomServiceTest$VoteTest" time="0.001"/>
  <testcase name="투표를 정상적으로 진행한다" classname="com.confession.game.domain.room.service.RoomServiceTest$VoteTest" time="0.002"/>
  <system-out><![CDATA[2026-01-06 14:41:43 - 투표 완료. 모두 동의: false
2026-01-06 14:41:43 - 투표 완료. 모두 동의: true
2026-01-06 14:41:43 - 투표 완료. 모두 동의: true
]]></system-out>
  <system-err><![CDATA[]]></system-err>
</testsuite>
