<?xml version="1.0" encoding="UTF-8"?>
<testsuite name="KPKK.UNSEEN.UnseenApplicationTests" tests="1" skipped="0" failures="0" errors="0" timestamp="2026-01-06T05:41:42.971Z" hostname="bagjunseog-ui-MacBookPro.local" time="0.001">
  <properties/>
  <testcase name="contextLoads()" classname="KPKK.UNSEEN.UnseenApplicationTests" time="0.001"/>
  <system-out><![CDATA[2026-01-06 14:41:42 - Could not detect default configuration classes for test class [KPKK.UNSEEN.UnseenApplicationTests]: UnseenApplicationTests does not declare any static, non-private, non-final, nested classes annotated with @Configuration.
2026-01-06 14:41:42 - Found @SpringBootConfiguration KPKK.UNSEEN.UnseenApplication for test class KPKK.UNSEEN.UnseenApplicationTests

  .   ____          _            __ _ _
 /\\ / ___'_ __ _ _(_)_ __  __ _ \ \ \ \
( ( )\___ | '_ | '_| | '_ \/ _` | \ \ \ \
 \\/  ___)| |_)| | | | | || (_| |  ) ) ) )
  '  |____| .__|_| |_|_| |_\__, | / / / /
 =========|_|==============|___/=/_/_/_/

 :: Spring Boot ::                (v4.0.1)

2026-01-06 14:41:42 - Starting UnseenApplicationTests using Java 17.0.16 with PID 30191 (started by bagjunseog in /Users/bagjunseog/Downloads/UNSEEN)
2026-01-06 14:41:42 - No active profile set, falling back to 1 default profile: "default"
2026-01-06 14:41:42 - Started UnseenApplicationTests in 0.075 seconds (process running for 1.386)
]]></system-out>
  <system-err><![CDATA[]]></system-err>
</testsuite>
