<?xml version="1.0" encoding="UTF-8"?>
<testsuite name="startGame 테스트" tests="2" skipped="0" failures="0" errors="0" timestamp="2026-01-06T05:41:43.094Z" hostname="bagjunseog-ui-MacBookPro.local" time="0.004">
  <properties/>
  <testcase name="게임을 정상적으로 시작한다" classname="com.confession.game.domain.room.service.RoomServiceTest$StartGameTest" time="0.001"/>
  <testcase name="플레이어가 2명 미만이면 예외를 발생시킨다" classname="com.confession.game.domain.room.service.RoomServiceTest$StartGameTest" time="0.003"/>
  <system-out><![CDATA[2026-01-06 14:41:43 - 방 test-room-1에서 게임 시작. 대상: player-2
]]></system-out>
  <system-err><![CDATA[]]></system-err>
</testsuite>
