<?xml version="1.0" encoding="UTF-8"?>
<testsuite name="동시성 테스트" tests="2" skipped="0" failures="0" errors="0" timestamp="2026-01-06T05:41:42.974Z" hostname="bagjunseog-ui-MacBookPro.local" time="0.002">
  <properties/>
  <testcase name="여러 스레드에서 동시에 플레이어를 추가해도 안전하다" classname="com.confession.game.domain.room.entity.RoomTest$ConcurrencyTest" time="0.001"/>
  <testcase name="여러 스레드에서 동시에 투표해도 안전하다" classname="com.confession.game.domain.room.entity.RoomTest$ConcurrencyTest" time="0.001"/>
  <system-out><![CDATA[]]></system-out>
  <system-err><![CDATA[]]></system-err>
</testsuite>
