<?xml version="1.0" encoding="UTF-8"?>
<testsuite name="addExplanation 테스트" tests="2" skipped="0" failures="0" errors="0" timestamp="2026-01-06T05:41:42.978Z" hostname="bagjunseog-ui-MacBookPro.local" time="0.001">
  <properties/>
  <testcase name="해명을 추가한다" classname="com.confession.game.domain.room.entity.RoomTest$AddExplanationTest" time="0.001"/>
  <testcase name="존재하지 않는 고해성사 ID로 해명을 추가하면 예외를 발생시킨다" classname="com.confession.game.domain.room.entity.RoomTest$AddExplanationTest" time="0.0"/>
  <system-out><![CDATA[]]></system-out>
  <system-err><![CDATA[]]></system-err>
</testsuite>
