<?xml version="1.0" encoding="UTF-8"?>
<testsuite name="leaveRoom 테스트" tests="3" skipped="0" failures="0" errors="0" timestamp="2026-01-06T05:41:43.073Z" hostname="bagjunseog-ui-MacBookPro.local" time="0.009">
  <properties/>
  <testcase name="대상자가 나가면 게임이 리셋된다" classname="com.confession.game.domain.room.service.RoomServiceTest$LeaveRoomTest" time="0.003"/>
  <testcase name="마지막 플레이어가 나가면 방이 삭제된다" classname="com.confession.game.domain.room.service.RoomServiceTest$LeaveRoomTest" time="0.003"/>
  <testcase name="플레이어가 방을 나간다" classname="com.confession.game.domain.room.service.RoomServiceTest$LeaveRoomTest" time="0.002"/>
  <system-out><![CDATA[2026-01-06 14:41:43 - 플레이어 player-2가 방 test-room-1을(를) 나갔습니다.
2026-01-06 14:41:43 - 방 test-room-1이(가) 삭제되었습니다.
2026-01-06 14:41:43 - 플레이어 player-1가 방 test-room-1을(를) 나갔습니다.
2026-01-06 14:41:43 - 플레이어 player-1가 방 test-room-1을(를) 나갔습니다.
]]></system-out>
  <system-err><![CDATA[]]></system-err>
</testsuite>
